This file contains any messages produced by compilers while
running configure, to aid debugging if configure makes a mistake.

It was created by configure, which was
generated by GNU Autoconf 2.65.  Invocation command line was

  $ ./configure 

## --------- ##
## Platform. ##
## --------- ##

hostname = FLY-dockerCS-32.-130
uname -m = x86_64
uname -r = 2.6.32
uname -s = Linux
uname -v = #1 SMP Wed Sep 14 14:35:44 CST 2016

/usr/bin/uname -p = unknown
/bin/uname -X     = unknown

/bin/arch              = x86_64
/usr/bin/arch -k       = unknown
/usr/convex/getsysinfo = unknown
/usr/bin/hostinfo      = unknown
/bin/machine           = unknown
/usr/bin/oslevel       = unknown
/bin/universe          = unknown

PATH: /usr/local/sbin
PATH: /usr/local/bin
PATH: /sbin
PATH: /bin
PATH: /usr/sbin
PATH: /usr/bin
PATH: /root/bin


## ----------- ##
## Core tests. ##
## ----------- ##

configure:2229: checking for gcc
configure:2245: found /usr/bin/gcc
configure:2256: result: gcc
configure:2485: checking for C compiler version
configure:2494: gcc --version >&5
gcc (GCC) 4.4.7 20120313 (Red Hat 4.4.7-17)
Copyright (C) 2010 Free Software Foundation, Inc.
This is free software; see the source for copying conditions.  There is NO
warranty; not even for MERCHANTABILITY or FITNESS FOR A PARTICULAR PURPOSE.

configure:2505: $? = 0
configure:2494: gcc -v >&5
Using built-in specs.
Target: x86_64-redhat-linux
Configured with: ../configure --prefix=/usr --mandir=/usr/share/man --infodir=/usr/share/info --with-bugurl=http://bugzilla.redhat.com/bugzilla --enable-bootstrap --enable-shared --enable-threads=posix --enable-checking=release --with-system-zlib --enable-__cxa_atexit --disable-libunwind-exceptions --enable-gnu-unique-object --enable-languages=c,c++,objc,obj-c++,java,fortran,ada --enable-java-awt=gtk --disable-dssi --with-java-home=/usr/lib/jvm/java-1.5.0-gcj-1.5.0.0/jre --enable-libgcj-multifile --enable-java-maintainer-mode --with-ecj-jar=/usr/share/java/eclipse-ecj.jar --disable-libjava-multilib --with-ppl --with-cloog --with-tune=generic --with-arch_32=i686 --build=x86_64-redhat-linux
Thread model: posix
gcc version 4.4.7 20120313 (Red Hat 4.4.7-17) (GCC) 
configure:2505: $? = 0
configure:2494: gcc -V >&5
gcc: '-V' option must have argument
configure:2505: $? = 1
configure:2494: gcc -qversion >&5
gcc: unrecognized option '-qversion'
gcc: no input files
configure:2505: $? = 1
configure:2525: checking whether the C compiler works
configure:2547: gcc    conftest.c  >&5
configure:2551: $? = 0
configure:2600: result: yes
configure:2603: checking for C compiler default output file name
configure:2605: result: a.out
configure:2611: checking for suffix of executables
configure:2618: gcc -o conftest    conftest.c  >&5
configure:2622: $? = 0
configure:2644: result: 
configure:2666: checking whether we are cross compiling
configure:2674: gcc -o conftest    conftest.c  >&5
configure:2678: $? = 0
configure:2685: ./conftest
configure:2689: $? = 0
configure:2704: result: no
configure:2709: checking for suffix of object files
configure:2731: gcc -c   conftest.c >&5
configure:2735: $? = 0
configure:2756: result: o
configure:2760: checking whether we are using the GNU C compiler
configure:2779: gcc -c   conftest.c >&5
configure:2779: $? = 0
configure:2788: result: yes
configure:2797: checking whether gcc accepts -g
configure:2817: gcc -c -g  conftest.c >&5
configure:2817: $? = 0
configure:2858: result: yes
configure:2875: checking for gcc option to accept ISO C89
configure:2939: gcc  -c -g -O2  conftest.c >&5
configure:2939: $? = 0
configure:2952: result: none needed
configure:3009: checking for a BSD-compatible install
configure:3077: result: /usr/bin/install -c
configure:3131: checking for strip
configure:3147: found /usr/bin/strip
configure:3158: result: strip
configure:3229: checking how to run the C preprocessor
configure:3260: gcc -E  conftest.c
configure:3260: $? = 0
configure:3274: gcc -E  conftest.c
conftest.c:9:28: error: ac_nonexistent.h: No such file or directory
configure:3274: $? = 1
configure: failed program was:
| /* confdefs.h */
| #define PACKAGE_NAME ""
| #define PACKAGE_TARNAME ""
| #define PACKAGE_VERSION ""
| #define PACKAGE_STRING ""
| #define PACKAGE_BUGREPORT ""
| #define PACKAGE_URL ""
| /* end confdefs.h.  */
| #include <ac_nonexistent.h>
configure:3299: result: gcc -E
configure:3319: gcc -E  conftest.c
configure:3319: $? = 0
configure:3333: gcc -E  conftest.c
conftest.c:9:28: error: ac_nonexistent.h: No such file or directory
configure:3333: $? = 1
configure: failed program was:
| /* confdefs.h */
| #define PACKAGE_NAME ""
| #define PACKAGE_TARNAME ""
| #define PACKAGE_VERSION ""
| #define PACKAGE_STRING ""
| #define PACKAGE_BUGREPORT ""
| #define PACKAGE_URL ""
| /* end confdefs.h.  */
| #include <ac_nonexistent.h>
configure:3362: checking for grep that handles long lines and -e
configure:3420: result: /bin/grep
configure:3425: checking for egrep
configure:3487: result: /bin/grep -E
configure:3492: checking for ANSI C header files
configure:3512: gcc -c -g -O2  conftest.c >&5
configure:3512: $? = 0
configure:3585: gcc -o conftest -g -O2   conftest.c  >&5
configure:3585: $? = 0
configure:3585: ./conftest
configure:3585: $? = 0
configure:3596: result: yes
configure:3604: checking for sys/wait.h that is POSIX.1 compatible
configure:3630: gcc -c -g -O2  conftest.c >&5
configure:3630: $? = 0
configure:3637: result: yes
configure:3650: checking for sys/types.h
configure:3650: gcc -c -g -O2  conftest.c >&5
configure:3650: $? = 0
configure:3650: result: yes
configure:3650: checking for sys/stat.h
configure:3650: gcc -c -g -O2  conftest.c >&5
configure:3650: $? = 0
configure:3650: result: yes
configure:3650: checking for stdlib.h
configure:3650: gcc -c -g -O2  conftest.c >&5
configure:3650: $? = 0
configure:3650: result: yes
configure:3650: checking for string.h
configure:3650: gcc -c -g -O2  conftest.c >&5
configure:3650: $? = 0
configure:3650: result: yes
configure:3650: checking for memory.h
configure:3650: gcc -c -g -O2  conftest.c >&5
configure:3650: $? = 0
configure:3650: result: yes
configure:3650: checking for strings.h
configure:3650: gcc -c -g -O2  conftest.c >&5
configure:3650: $? = 0
configure:3650: result: yes
configure:3650: checking for inttypes.h
configure:3650: gcc -c -g -O2  conftest.c >&5
configure:3650: $? = 0
configure:3650: result: yes
configure:3650: checking for stdint.h
configure:3650: gcc -c -g -O2  conftest.c >&5
configure:3650: $? = 0
configure:3650: result: yes
configure:3650: checking for unistd.h
configure:3650: gcc -c -g -O2  conftest.c >&5
configure:3650: $? = 0
configure:3650: result: yes
configure:3666: checking fcntl.h usability
configure:3666: gcc -c -g -O2  conftest.c >&5
configure:3666: $? = 0
configure:3666: result: yes
configure:3666: checking fcntl.h presence
configure:3666: gcc -E  conftest.c
configure:3666: $? = 0
configure:3666: result: yes
configure:3666: checking for fcntl.h
configure:3666: result: yes
configure:3666: checking syslog.h usability
configure:3666: gcc -c -g -O2  conftest.c >&5
configure:3666: $? = 0
configure:3666: result: yes
configure:3666: checking syslog.h presence
configure:3666: gcc -E  conftest.c
configure:3666: $? = 0
configure:3666: result: yes
configure:3666: checking for syslog.h
configure:3666: result: yes
configure:3666: checking for unistd.h
configure:3666: result: yes
configure:3666: checking sys/ioctl.h usability
configure:3666: gcc -c -g -O2  conftest.c >&5
configure:3666: $? = 0
configure:3666: result: yes
configure:3666: checking sys/ioctl.h presence
configure:3666: gcc -E  conftest.c
configure:3666: $? = 0
configure:3666: result: yes
configure:3666: checking for sys/ioctl.h
configure:3666: result: yes
configure:3666: checking sys/time.h usability
configure:3666: gcc -c -g -O2  conftest.c >&5
configure:3666: $? = 0
configure:3666: result: yes
configure:3666: checking sys/time.h presence
configure:3666: gcc -E  conftest.c
configure:3666: $? = 0
configure:3666: result: yes
configure:3666: checking for sys/time.h
configure:3666: result: yes
configure:3680: checking openssl/ssl.h usability
configure:3680: gcc -c -g -O2  conftest.c >&5
configure:3680: $? = 0
configure:3680: result: yes
configure:3680: checking openssl/ssl.h presence
configure:3680: gcc -E  conftest.c
configure:3680: $? = 0
configure:3680: result: yes
configure:3680: checking for openssl/ssl.h
configure:3680: result: yes
configure:3680: checking openssl/md5.h usability
configure:3680: gcc -c -g -O2  conftest.c >&5
configure:3680: $? = 0
configure:3680: result: yes
configure:3680: checking openssl/md5.h presence
configure:3680: gcc -E  conftest.c
configure:3680: $? = 0
configure:3680: result: yes
configure:3680: checking for openssl/md5.h
configure:3680: result: yes
configure:3680: checking openssl/err.h usability
configure:3680: gcc -c -g -O2  conftest.c >&5
configure:3680: $? = 0
configure:3680: result: yes
configure:3680: checking openssl/err.h presence
configure:3680: gcc -E  conftest.c
configure:3680: $? = 0
configure:3680: result: yes
configure:3680: checking for openssl/err.h
configure:3680: result: yes
configure:3695: checking whether ETHERTYPE_IPV6 is declared
configure:3695: gcc -c -g -O2  conftest.c >&5
configure:3695: $? = 0
configure:3695: result: yes
configure:3704: checking for MD5_Init in -lcrypto
configure:3729: gcc -o conftest -g -O2   conftest.c -lcrypto   >&5
configure:3729: $? = 0
configure:3738: result: yes
configure:3751: checking for SSL_CTX_new in -lssl
configure:3776: gcc -o conftest -g -O2   conftest.c -lssl  -lcrypto  >&5
configure:3776: $? = 0
configure:3785: result: yes
configure:3798: checking for poptGetContext in -lpopt
configure:3823: gcc -o conftest -g -O2   conftest.c -lpopt  -lssl -lcrypto  >&5
configure:3823: $? = 0
configure:3832: result: yes
configure:3845: checking for nl_handle_alloc in -lnl
configure:3870: gcc -o conftest -g -O2   conftest.c -lnl  -lpopt -lssl -lcrypto  >&5
configure:3870: $? = 0
configure:3879: result: yes
configure:3896: checking for kernel version
configure:3929: gcc -o conftest -g -O2  -I/usr/src/linux/include  conftest.c -lpopt -lssl -lcrypto  -lnl >&5
configure:3929: $? = 0
configure:3929: ./conftest
configure:3929: $? = 0
configure:3957: result: 2.6.32
configure:3976: checking net/ip_vs.h usability
configure:3976: gcc -c -g -O2  -I/usr/src/linux/include conftest.c >&5
configure:3976: $? = 0
configure:3976: result: yes
configure:3976: checking net/ip_vs.h presence
configure:3976: gcc -E  -I/usr/src/linux/include conftest.c
configure:3976: $? = 0
configure:3976: result: yes
configure:3976: checking for net/ip_vs.h
configure:3976: result: yes
configure:3996: checking for IPVS syncd support
configure:4011: result: yes
configure:4041: checking for an ANSI C-conforming const
configure:4106: gcc -c -g -O2  -I/usr/src/linux/include conftest.c >&5
configure:4106: $? = 0
configure:4113: result: yes
configure:4121: checking for pid_t
configure:4121: gcc -c -g -O2  -I/usr/src/linux/include conftest.c >&5
configure:4121: $? = 0
configure:4121: gcc -c -g -O2  -I/usr/src/linux/include conftest.c >&5
conftest.c: In function 'main':
conftest.c:67: error: expected expression before ')' token
configure:4121: $? = 1
configure: failed program was:
| /* confdefs.h */
| #define PACKAGE_NAME ""
| #define PACKAGE_TARNAME ""
| #define PACKAGE_VERSION ""
| #define PACKAGE_STRING ""
| #define PACKAGE_BUGREPORT ""
| #define PACKAGE_URL ""
| #define STDC_HEADERS 1
| #define HAVE_SYS_WAIT_H 1
| #define HAVE_SYS_TYPES_H 1
| #define HAVE_SYS_STAT_H 1
| #define HAVE_STDLIB_H 1
| #define HAVE_STRING_H 1
| #define HAVE_MEMORY_H 1
| #define HAVE_STRINGS_H 1
| #define HAVE_INTTYPES_H 1
| #define HAVE_STDINT_H 1
| #define HAVE_UNISTD_H 1
| #define HAVE_FCNTL_H 1
| #define HAVE_SYSLOG_H 1
| #define HAVE_UNISTD_H 1
| #define HAVE_SYS_IOCTL_H 1
| #define HAVE_SYS_TIME_H 1
| #define HAVE_OPENSSL_SSL_H 1
| #define HAVE_OPENSSL_MD5_H 1
| #define HAVE_OPENSSL_ERR_H 1
| #define HAVE_LIBCRYPTO 1
| #define HAVE_LIBSSL 1
| #define HAVE_LIBPOPT 1
| /* end confdefs.h.  */
| #include <stdio.h>
| #ifdef HAVE_SYS_TYPES_H
| # include <sys/types.h>
| #endif
| #ifdef HAVE_SYS_STAT_H
| # include <sys/stat.h>
| #endif
| #ifdef STDC_HEADERS
| # include <stdlib.h>
| # include <stddef.h>
| #else
| # ifdef HAVE_STDLIB_H
| #  include <stdlib.h>
| # endif
| #endif
| #ifdef HAVE_STRING_H
| # if !defined STDC_HEADERS && defined HAVE_MEMORY_H
| #  include <memory.h>
| # endif
| # include <string.h>
| #endif
| #ifdef HAVE_STRINGS_H
| # include <strings.h>
| #endif
| #ifdef HAVE_INTTYPES_H
| # include <inttypes.h>
| #endif
| #ifdef HAVE_STDINT_H
| # include <stdint.h>
| #endif
| #ifdef HAVE_UNISTD_H
| # include <unistd.h>
| #endif
| int
| main ()
| {
| if (sizeof ((pid_t)))
| 	    return 0;
|   ;
|   return 0;
| }
configure:4121: result: yes
configure:4132: checking whether time.h and sys/time.h may both be included
configure:4152: gcc -c -g -O2  -I/usr/src/linux/include conftest.c >&5
configure:4152: $? = 0
configure:4159: result: yes
configure:4169: checking whether gcc needs -traditional
configure:4203: result: no
configure:4210: checking for working memcmp
configure:4253: gcc -o conftest -g -O2  -I/usr/src/linux/include  conftest.c -lpopt -lssl -lcrypto  -lnl >&5
configure:4253: $? = 0
configure:4253: ./conftest
configure:4253: $? = 0
configure:4263: result: yes
configure:4272: checking return type of signal handlers
configure:4290: gcc -c -g -O2  -I/usr/src/linux/include conftest.c >&5
conftest.c: In function 'main':
conftest.c:38: error: void value not ignored as it ought to be
configure:4290: $? = 1
configure: failed program was:
| /* confdefs.h */
| #define PACKAGE_NAME ""
| #define PACKAGE_TARNAME ""
| #define PACKAGE_VERSION ""
| #define PACKAGE_STRING ""
| #define PACKAGE_BUGREPORT ""
| #define PACKAGE_URL ""
| #define STDC_HEADERS 1
| #define HAVE_SYS_WAIT_H 1
| #define HAVE_SYS_TYPES_H 1
| #define HAVE_SYS_STAT_H 1
| #define HAVE_STDLIB_H 1
| #define HAVE_STRING_H 1
| #define HAVE_MEMORY_H 1
| #define HAVE_STRINGS_H 1
| #define HAVE_INTTYPES_H 1
| #define HAVE_STDINT_H 1
| #define HAVE_UNISTD_H 1
| #define HAVE_FCNTL_H 1
| #define HAVE_SYSLOG_H 1
| #define HAVE_UNISTD_H 1
| #define HAVE_SYS_IOCTL_H 1
| #define HAVE_SYS_TIME_H 1
| #define HAVE_OPENSSL_SSL_H 1
| #define HAVE_OPENSSL_MD5_H 1
| #define HAVE_OPENSSL_ERR_H 1
| #define HAVE_LIBCRYPTO 1
| #define HAVE_LIBSSL 1
| #define HAVE_LIBPOPT 1
| #define TIME_WITH_SYS_TIME 1
| /* end confdefs.h.  */
| #include <sys/types.h>
| #include <signal.h>
| 
| int
| main ()
| {
| return *(signal (0, 0)) (0) == 1;
|   ;
|   return 0;
| }
configure:4297: result: void
configure:4308: checking for gettimeofday
configure:4308: gcc -o conftest -g -O2  -I/usr/src/linux/include  conftest.c -lpopt -lssl -lcrypto  -lnl >&5
configure:4308: $? = 0
configure:4308: result: yes
configure:4308: checking for select
configure:4308: gcc -o conftest -g -O2  -I/usr/src/linux/include  conftest.c -lpopt -lssl -lcrypto  -lnl >&5
configure:4308: $? = 0
configure:4308: result: yes
configure:4308: checking for socket
configure:4308: gcc -o conftest -g -O2  -I/usr/src/linux/include  conftest.c -lpopt -lssl -lcrypto  -lnl >&5
configure:4308: $? = 0
configure:4308: result: yes
configure:4308: checking for strerror
configure:4308: gcc -o conftest -g -O2  -I/usr/src/linux/include  conftest.c -lpopt -lssl -lcrypto  -lnl >&5
configure:4308: $? = 0
configure:4308: result: yes
configure:4308: checking for strtol
configure:4308: gcc -o conftest -g -O2  -I/usr/src/linux/include  conftest.c -lpopt -lssl -lcrypto  -lnl >&5
configure:4308: $? = 0
configure:4308: result: yes
configure:4308: checking for uname
configure:4308: gcc -o conftest -g -O2  -I/usr/src/linux/include  conftest.c -lpopt -lssl -lcrypto  -lnl >&5
configure:4308: $? = 0
configure:4308: result: yes
configure:4471: creating ./config.status

## ---------------------- ##
## Running config.status. ##
## ---------------------- ##

This file was extended by config.status, which was
generated by GNU Autoconf 2.65.  Invocation command line was

  CONFIG_FILES    = 
  CONFIG_HEADERS  = 
  CONFIG_LINKS    = 
  CONFIG_COMMANDS = 
  $ ./config.status 

on FLY-dockerCS-32.-130

config.status:741: creating Makefile
config.status:741: creating genhash/Makefile
config.status:844: WARNING:  'genhash/Makefile.in' seems to ignore the --datarootdir setting
config.status:741: creating keepalived/core/Makefile
config.status:741: creating keepalived/include/config.h
config.status:741: creating keepalived.spec
config.status:741: creating keepalived/Makefile
config.status:844: WARNING:  'keepalived/Makefile.in' seems to ignore the --datarootdir setting
config.status:741: creating lib/Makefile
config.status:741: creating keepalived/vrrp/Makefile
config.status:741: creating keepalived/check/Makefile
config.status:741: creating keepalived/libipvs-2.6/Makefile

## ---------------- ##
## Cache variables. ##
## ---------------- ##

ac_cv_c_compiler_gnu=yes
ac_cv_c_const=yes
ac_cv_env_CC_set=
ac_cv_env_CC_value=
ac_cv_env_CFLAGS_set=
ac_cv_env_CFLAGS_value=
ac_cv_env_CPPFLAGS_set=
ac_cv_env_CPPFLAGS_value=
ac_cv_env_CPP_set=
ac_cv_env_CPP_value=
ac_cv_env_LDFLAGS_set=
ac_cv_env_LDFLAGS_value=
ac_cv_env_LIBS_set=
ac_cv_env_LIBS_value=
ac_cv_env_build_alias_set=
ac_cv_env_build_alias_value=
ac_cv_env_host_alias_set=
ac_cv_env_host_alias_value=
ac_cv_env_target_alias_set=
ac_cv_env_target_alias_value=
ac_cv_func_gettimeofday=yes
ac_cv_func_memcmp_working=yes
ac_cv_func_select=yes
ac_cv_func_socket=yes
ac_cv_func_strerror=yes
ac_cv_func_strtol=yes
ac_cv_func_uname=yes
ac_cv_have_decl_ETHERTYPE_IPV6=yes
ac_cv_header_fcntl_h=yes
ac_cv_header_inttypes_h=yes
ac_cv_header_memory_h=yes
ac_cv_header_net_ip_vs_h=yes
ac_cv_header_openssl_err_h=yes
ac_cv_header_openssl_md5_h=yes
ac_cv_header_openssl_ssl_h=yes
ac_cv_header_stdc=yes
ac_cv_header_stdint_h=yes
ac_cv_header_stdlib_h=yes
ac_cv_header_string_h=yes
ac_cv_header_strings_h=yes
ac_cv_header_sys_ioctl_h=yes
ac_cv_header_sys_stat_h=yes
ac_cv_header_sys_time_h=yes
ac_cv_header_sys_types_h=yes
ac_cv_header_sys_wait_h=yes
ac_cv_header_syslog_h=yes
ac_cv_header_time=yes
ac_cv_header_unistd_h=yes
ac_cv_lib_crypto_MD5_Init=yes
ac_cv_lib_nl_nl_handle_alloc=yes
ac_cv_lib_popt_poptGetContext=yes
ac_cv_lib_ssl_SSL_CTX_new=yes
ac_cv_objext=o
ac_cv_path_EGREP='/bin/grep -E'
ac_cv_path_GREP=/bin/grep
ac_cv_path_install='/usr/bin/install -c'
ac_cv_prog_CPP='gcc -E'
ac_cv_prog_ac_ct_CC=gcc
ac_cv_prog_ac_ct_STRIP=strip
ac_cv_prog_cc_c89=
ac_cv_prog_cc_g=yes
ac_cv_prog_gcc_traditional=no
ac_cv_type_pid_t=yes
ac_cv_type_signal=void

## ----------------- ##
## Output variables. ##
## ----------------- ##

CC='gcc'
CFLAGS='-g -O2'
CPP='gcc -E'
CPPFLAGS=' -I/usr/src/linux/include'
DEFS='-DPACKAGE_NAME=\"\" -DPACKAGE_TARNAME=\"\" -DPACKAGE_VERSION=\"\" -DPACKAGE_STRING=\"\" -DPACKAGE_BUGREPORT=\"\" -DPACKAGE_URL=\"\" -DSTDC_HEADERS=1 -DHAVE_SYS_WAIT_H=1 -DHAVE_SYS_TYPES_H=1 -DHAVE_SYS_STAT_H=1 -DHAVE_STDLIB_H=1 -DHAVE_STRING_H=1 -DHAVE_MEMORY_H=1 -DHAVE_STRINGS_H=1 -DHAVE_INTTYPES_H=1 -DHAVE_STDINT_H=1 -DHAVE_UNISTD_H=1 -DHAVE_FCNTL_H=1 -DHAVE_SYSLOG_H=1 -DHAVE_UNISTD_H=1 -DHAVE_SYS_IOCTL_H=1 -DHAVE_SYS_TIME_H=1 -DHAVE_OPENSSL_SSL_H=1 -DHAVE_OPENSSL_MD5_H=1 -DHAVE_OPENSSL_ERR_H=1 -DHAVE_LIBCRYPTO=1 -DHAVE_LIBSSL=1 -DHAVE_LIBPOPT=1 -DTIME_WITH_SYS_TIME=1 -DRETSIGTYPE=void -DHAVE_GETTIMEOFDAY=1 -DHAVE_SELECT=1 -DHAVE_SOCKET=1 -DHAVE_STRERROR=1 -DHAVE_STRTOL=1 -DHAVE_UNAME=1'
DFLAGS=''
ECHO_C=''
ECHO_N='-n'
ECHO_T=''
EGREP='/bin/grep -E'
EXEEXT=''
GREP='/bin/grep'
INSTALL_DATA='${INSTALL} -m 644'
INSTALL_PROGRAM='${INSTALL}'
INSTALL_SCRIPT='${INSTALL}'
IPVS_SUPPORT='_WITH_LVS_'
IPVS_SYNCD='_HAVE_IPVS_SYNCD_'
KERN='_KRNL_2_6_'
LDFLAGS=''
LIBOBJS=''
LIBS='-lpopt -lssl -lcrypto  -lnl'
LTLIBOBJS=''
OBJEXT='o'
PACKAGE_BUGREPORT=''
PACKAGE_NAME=''
PACKAGE_STRING=''
PACKAGE_TARNAME=''
PACKAGE_URL=''
PACKAGE_VERSION=''
PATH_SEPARATOR=':'
SHELL='/bin/sh'
STRIP='strip'
USE_NL='LIBIPVS_USE_NL'
VERSION='1.2.2'
VERSION_DATE='12/20,2016'
VRRP_SUPPORT='_WITH_VRRP_'
ac_ct_CC='gcc'
bindir='${exec_prefix}/bin'
build_alias=''
datadir='${datarootdir}'
datarootdir='${prefix}/share'
docdir='${datarootdir}/doc/${PACKAGE}'
dvidir='${docdir}'
exec_prefix='${prefix}'
host_alias=''
htmldir='${docdir}'
includedir='${prefix}/include'
infodir='${datarootdir}/info'
libdir='${exec_prefix}/lib'
libexecdir='${exec_prefix}/libexec'
localedir='${datarootdir}/locale'
localstatedir='${prefix}/var'
mandir='${datarootdir}/man'
oldincludedir='/usr/include'
pdfdir='${docdir}'
prefix='/usr/local'
program_transform_name='s,x,x,'
psdir='${docdir}'
sbindir='${exec_prefix}/sbin'
sharedstatedir='${prefix}/com'
sysconfdir='${prefix}/etc'
target_alias=''

## ----------- ##
## confdefs.h. ##
## ----------- ##

/* confdefs.h */
#define PACKAGE_NAME ""
#define PACKAGE_TARNAME ""
#define PACKAGE_VERSION ""
#define PACKAGE_STRING ""
#define PACKAGE_BUGREPORT ""
#define PACKAGE_URL ""
#define STDC_HEADERS 1
#define HAVE_SYS_WAIT_H 1
#define HAVE_SYS_TYPES_H 1
#define HAVE_SYS_STAT_H 1
#define HAVE_STDLIB_H 1
#define HAVE_STRING_H 1
#define HAVE_MEMORY_H 1
#define HAVE_STRINGS_H 1
#define HAVE_INTTYPES_H 1
#define HAVE_STDINT_H 1
#define HAVE_UNISTD_H 1
#define HAVE_FCNTL_H 1
#define HAVE_SYSLOG_H 1
#define HAVE_UNISTD_H 1
#define HAVE_SYS_IOCTL_H 1
#define HAVE_SYS_TIME_H 1
#define HAVE_OPENSSL_SSL_H 1
#define HAVE_OPENSSL_MD5_H 1
#define HAVE_OPENSSL_ERR_H 1
#define HAVE_LIBCRYPTO 1
#define HAVE_LIBSSL 1
#define HAVE_LIBPOPT 1
#define TIME_WITH_SYS_TIME 1
#define RETSIGTYPE void
#define HAVE_GETTIMEOFDAY 1
#define HAVE_SELECT 1
#define HAVE_SOCKET 1
#define HAVE_STRERROR 1
#define HAVE_STRTOL 1
#define HAVE_UNAME 1

configure: exit 0
